Build started 28-03-2014 23:47:38.
     1>Project "C:\Users\Mrinal\Desktop\Backend-3\OpenSoft.vcxproj" on node 2 (Build target(s)).
     1>ClCompile:
         C:\Program Files (x86)\Microsoft Visual Studio 12.0\VC\bin\x86_amd64\CL.exe /c /IC:\Users\Mrinal\opencv248\opencv\build\x64\vc12\..\..\include /Zi /nologo /W3 /WX- /O2 /Oi /GL /D WIN32 /D NDEBUG /D _CONSOLE /D _UNICODE /D UNICODE /Gm- /EHsc /MD /GS /Gy /fp:precise /Zc:wchar_t /Zc:forScope /Fo"x64\Release\\" /Fd"x64\Release\vc120.pdb" /Gd /TP /errorReport:prompt "Stage1&2\Stage1\ImageFeatures.cpp"
         ImageFeatures.cpp
     1>Stage1&2\Stage1\ImageFeatures.cpp(35): warning C4244: 'initializing' : conversion from 'double' to 'float', possible loss of data
     1>Stage1&2\Stage1\ImageFeatures.cpp(190): warning C4244: '=' : conversion from 'double' to 'float', possible loss of data
       Link:
         C:\Program Files (x86)\Microsoft Visual Studio 12.0\VC\bin\x86_amd64\link.exe /ERRORREPORT:PROMPT /OUT:"C:\Users\Mrinal\Desktop\Backend-3\x64\Release\OpenSoft.exe" /INCREMENTAL:NO /NOLOGO /LIBPATH:C:\Users\Mrinal\opencv248\opencv\build\x64\vc12\lib opencv_core248.lib opencv_imgproc248.lib opencv_highgui248.lib kernel32.lib user32.lib gdi32.lib winspool.lib comdlg32.lib advapi32.lib shell32.lib ole32.lib oleaut32.lib uuid.lib odbc32.lib odbccp32.lib /MANIFEST /MANIFESTUAC:"level='asInvoker' uiAccess='false'" /manifest:embed /DEBUG /PDB:"C:\Users\Mrinal\Desktop\Backend-3\x64\Release\OpenSoft.pdb" /SUBSYSTEM:CONSOLE /OPT:REF /OPT:ICF /LTCG /TLBID:1 /DYNAMICBASE /NXCOMPAT /IMPLIB:"C:\Users\Mrinal\Desktop\Backend-3\x64\Release\OpenSoft.lib" /MACHINE:X64 x64\Release\Pair.obj
         x64\Release\Polygon.obj
         x64\Release\FeatureMain.obj
         x64\Release\ImageFeatures.obj
         x64\Release\ImageProcessing.obj
         Generating code
     1>c:\users\mrinal\desktop\backend-3\stage1&2\stage1\imageprocessing.cpp(149): warning C4715: 'ImageProcessing::doMorphologicalOperation' : not all control paths return a value
         Finished generating code
         OpenSoft.vcxproj -> C:\Users\Mrinal\Desktop\Backend-3\x64\Release\OpenSoft.exe
     1>Done Building Project "C:\Users\Mrinal\Desktop\Backend-3\OpenSoft.vcxproj" (Build target(s)).

Build succeeded.

Time Elapsed 00:00:02.19
