Build started 3/28/2014 11:38:31 PM.
     1>Project "C:\Users\Arnab\documents\visual studio 2010\Projects\OpenSoft\OpenSoft\OpenSoft.vcxproj" on node 2 (rebuild target(s)).
     1>_PrepareForClean:
         Deleting file "Debug\OpenSoft.lastbuildstate".
       InitializeBuildStatus:
         Touching "Debug\OpenSoft.unsuccessfulbuild".
       ClCompile:
         C:\Program Files (x86)\Microsoft Visual Studio 10.0\VC\bin\CL.exe /c /Zi /nologo /W3 /WX- /O2 /Ob2 /Oi /Ot /Oy- /D WIN32 /D _DEBUG /D _CONSOLE /Gm /EHsc /MTd /GS /fp:precise /Zc:wchar_t /Zc:forScope /Fo"Debug\\" /Fd"Debug\vc100.pdb" /Gd /TP /analyze- /errorReport:prompt "Stage1&2\FeatureExtractor\Pair.cpp" "Stage1&2\FeatureExtractor\Polygon.cpp" "Stage1&2\Stage1\FeatureMain.cpp" "Stage1&2\Stage1\ImageFeatures.cpp" "Stage1&2\Stage1\ImageProcessing.cpp"
         ImageProcessing.cpp
     1>Stage1&2\Stage1\ImageProcessing.cpp(93): warning C4244: 'argument' : conversion from 'int' to 'float', possible loss of data
     1>Stage1&2\Stage1\ImageProcessing.cpp(153): warning C4244: 'argument' : conversion from 'int' to 'float', possible loss of data
     1>Stage1&2\Stage1\ImageProcessing.cpp(628): warning C4244: '=' : conversion from 'int' to 'float', possible loss of data
     1>Stage1&2\Stage1\ImageProcessing.cpp(629): warning C4244: '=' : conversion from 'int' to 'float', possible loss of data
     1>Stage1&2\Stage1\ImageProcessing.cpp(650): warning C4244: '=' : conversion from 'int' to 'float', possible loss of data
         ImageFeatures.cpp
     1>Stage1&2\Stage1\ImageFeatures.cpp(35): warning C4244: 'initializing' : conversion from 'double' to 'float', possible loss of data
     1>Stage1&2\Stage1\ImageFeatures.cpp(190): warning C4244: '=' : conversion from 'double' to 'float', possible loss of data
         FeatureMain.cpp
     1>c:\users\arnab\documents\visual studio 2010\projects\opensoft\opensoft\stage1&2\stage1\Merge.h(69): warning C4244: 'argument' : conversion from 'double' to 'float', possible loss of data
     1>c:\users\arnab\documents\visual studio 2010\projects\opensoft\opensoft\stage1&2\stage1\Merge.h(154): warning C4244: '/=' : conversion from 'double' to 'int', possible loss of data
     1>c:\users\arnab\documents\visual studio 2010\projects\opensoft\opensoft\stage1&2\stage1\Merge.h(155): warning C4244: '/=' : conversion from 'double' to 'int', possible loss of data
     1>c:\users\arnab\documents\visual studio 2010\projects\opensoft\opensoft\stage1&2\stage1\Merge.h(160): warning C4996: 'sprintf': This function or variable may be unsafe. Consider using sprintf_s instead. To disable deprecation, use _CRT_SECURE_NO_WARNINGS. See online help for details.
                 C:\Program Files (x86)\Microsoft Visual Studio 10.0\VC\include\stdio.h(371) : see declaration of 'sprintf'
     1>c:\users\arnab\documents\visual studio 2010\projects\opensoft\opensoft\stage1&2\stage1\Merge.h(162): warning C4244: 'argument' : conversion from 'double' to 'int', possible loss of data
     1>c:\users\arnab\documents\visual studio 2010\projects\opensoft\opensoft\stage1&2\stage1\Merge.h(162): warning C4244: 'argument' : conversion from 'double' to 'int', possible loss of data
     1>c:\users\arnab\documents\visual studio 2010\projects\opensoft\opensoft\stage1&2\stage1\Merge.h(163): warning C4996: 'sprintf': This function or variable may be unsafe. Consider using sprintf_s instead. To disable deprecation, use _CRT_SECURE_NO_WARNINGS. See online help for details.
                 C:\Program Files (x86)\Microsoft Visual Studio 10.0\VC\include\stdio.h(371) : see declaration of 'sprintf'
     1>c:\users\arnab\documents\visual studio 2010\projects\opensoft\opensoft\stage1&2\stage1\Merge.h(165): warning C4244: 'argument' : conversion from 'double' to 'int', possible loss of data
     1>c:\users\arnab\documents\visual studio 2010\projects\opensoft\opensoft\stage1&2\stage1\Merge.h(165): warning C4244: 'argument' : conversion from 'double' to 'int', possible loss of data
     1>Stage1&2\Stage1\FeatureMain.cpp(449): warning C4244: '=' : conversion from 'float' to 'int', possible loss of data
     1>Stage1&2\Stage1\FeatureMain.cpp(450): warning C4244: '=' : conversion from 'float' to 'int', possible loss of data
     1>Stage1&2\Stage1\FeatureMain.cpp(674): warning C4244: '=' : conversion from 'float' to 'int', possible loss of data
     1>Stage1&2\Stage1\FeatureMain.cpp(704): warning C4996: 'scanf': This function or variable may be unsafe. Consider using scanf_s instead. To disable deprecation, use _CRT_SECURE_NO_WARNINGS. See online help for details.
                 C:\Program Files (x86)\Microsoft Visual Studio 10.0\VC\include\stdio.h(304) : see declaration of 'scanf'
     1>Stage1&2\Stage1\FeatureMain.cpp(712): warning C4996: 'scanf': This function or variable may be unsafe. Consider using scanf_s instead. To disable deprecation, use _CRT_SECURE_NO_WARNINGS. See online help for details.
                 C:\Program Files (x86)\Microsoft Visual Studio 10.0\VC\include\stdio.h(304) : see declaration of 'scanf'
     1>Stage1&2\Stage1\FeatureMain.cpp(796): warning C4996: 'sprintf': This function or variable may be unsafe. Consider using sprintf_s instead. To disable deprecation, use _CRT_SECURE_NO_WARNINGS. See online help for details.
                 C:\Program Files (x86)\Microsoft Visual Studio 10.0\VC\include\stdio.h(371) : see declaration of 'sprintf'
     1>Stage1&2\Stage1\FeatureMain.cpp(798): warning C4996: 'sprintf': This function or variable may be unsafe. Consider using sprintf_s instead. To disable deprecation, use _CRT_SECURE_NO_WARNINGS. See online help for details.
                 C:\Program Files (x86)\Microsoft Visual Studio 10.0\VC\include\stdio.h(371) : see declaration of 'sprintf'
     1>Stage1&2\Stage1\FeatureMain.cpp(858): warning C4244: '=' : conversion from 'float' to 'int', possible loss of data
     1>Stage1&2\Stage1\FeatureMain.cpp(859): warning C4244: '=' : conversion from 'float' to 'int', possible loss of data
         Polygon.cpp
     1>Stage1&2\FeatureExtractor\Polygon.cpp(88): warning C4244: '=' : conversion from 'int' to 'float', possible loss of data
     1>Stage1&2\FeatureExtractor\Polygon.cpp(89): warning C4244: '=' : conversion from 'int' to 'float', possible loss of data
     1>Stage1&2\FeatureExtractor\Polygon.cpp(115): warning C4244: '=' : conversion from 'const double' to 'float', possible loss of data
     1>Stage1&2\FeatureExtractor\Polygon.cpp(127): warning C4244: '=' : conversion from 'const double' to 'float', possible loss of data
     1>Stage1&2\FeatureExtractor\Polygon.cpp(135): warning C4244: '=' : conversion from 'const double' to 'float', possible loss of data
     1>Stage1&2\FeatureExtractor\Polygon.cpp(169): warning C4244: '=' : conversion from 'int' to 'float', possible loss of data
     1>Stage1&2\FeatureExtractor\Polygon.cpp(173): warning C4244: '=' : conversion from 'const double' to 'float', possible loss of data
     1>Stage1&2\FeatureExtractor\Polygon.cpp(183): warning C4244: '=' : conversion from 'int' to 'float', possible loss of data
     1>Stage1&2\FeatureExtractor\Polygon.cpp(187): warning C4244: '=' : conversion from 'const double' to 'float', possible loss of data
     1>Stage1&2\FeatureExtractor\Polygon.cpp(197): warning C4244: '=' : conversion from 'float' to 'int', possible loss of data
     1>Stage1&2\FeatureExtractor\Polygon.cpp(198): warning C4244: '=' : conversion from 'float' to 'int', possible loss of data
         Pair.cpp
     1>Stage1&2\FeatureExtractor\Pair.cpp(18): warning C4244: 'argument' : conversion from 'float' to 'int', possible loss of data
     1>Stage1&2\FeatureExtractor\Pair.cpp(18): warning C4244: 'argument' : conversion from 'float' to 'int', possible loss of data
     1>Stage1&2\FeatureExtractor\Pair.cpp(27): warning C4244: 'return' : conversion from 'int' to 'float', possible loss of data
     1>Stage1&2\FeatureExtractor\Pair.cpp(32): warning C4244: 'return' : conversion from 'int' to 'float', possible loss of data
         Generating Code...
     1>c:\users\arnab\documents\visual studio 2010\projects\opensoft\opensoft\stage1&2\stage1\imageprocessing.cpp(173): warning C4715: 'ImageProcessing::doMorphologicalOperation' : not all control paths return a value
     1>c:\users\arnab\documents\visual studio 2010\projects\opensoft\opensoft\stage1&2\stage1\imageprocessing.cpp(149): warning C4715: 'ImageProcessing::doMorphologicalOperation' : not all control paths return a value
       Link:
         C:\Program Files (x86)\Microsoft Visual Studio 10.0\VC\bin\link.exe /ERRORREPORT:PROMPT /OUT:"C:\Users\Arnab\documents\visual studio 2010\Projects\OpenSoft\Debug\OpenSoft.exe" /INCREMENTAL:NO /NOLOGO opencv_core246d.lib opencv_imgproc246d.lib opencv_highgui246d.lib zlibd.lib IlmImfd.lib libpngd.lib libtiffd.lib libjasperd.lib libjpegd.lib comctl32.lib kernel32.lib user32.lib gdi32.lib winspool.lib comdlg32.lib advapi32.lib shell32.lib ole32.lib oleaut32.lib uuid.lib odbc32.lib odbccp32.lib /MANIFEST /ManifestFile:"Debug\OpenSoft.exe.intermediate.manifest" /MANIFESTUAC:"level='asInvoker' uiAccess='false'" /DEBUG /PDB:"C:\Users\Arnab\documents\visual studio 2010\Projects\OpenSoft\Debug\OpenSoft.pdb" /SUBSYSTEM:CONSOLE /TLBID:1 /DYNAMICBASE /NXCOMPAT /IMPLIB:"C:\Users\Arnab\documents\visual studio 2010\Projects\OpenSoft\Debug\OpenSoft.lib" /MACHINE:X86 Debug\Pair.obj
         Debug\Polygon.obj
         Debug\FeatureMain.obj
         Debug\ImageFeatures.obj
         Debug\ImageProcessing.obj
     1>opencv_core246d.lib(alloc.obj) : warning LNK4099: PDB 'opencv_core246d.pdb' was not found with 'opencv_core246d.lib(alloc.obj)' or at 'C:\Users\Arnab\documents\visual studio 2010\Projects\OpenSoft\Debug\opencv_core246d.pdb'; linking object as if no debug info
     1>opencv_core246d.lib(arithm.obj) : warning LNK4099: PDB 'opencv_core246d.pdb' was not found with 'opencv_core246d.lib(arithm.obj)' or at 'C:\Users\Arnab\documents\visual studio 2010\Projects\OpenSoft\Debug\opencv_core246d.pdb'; linking object as if no debug info
     1>opencv_core246d.lib(array.obj) : warning LNK4099: PDB 'opencv_core246d.pdb' was not found with 'opencv_core246d.lib(array.obj)' or at 'C:\Users\Arnab\documents\visual studio 2010\Projects\OpenSoft\Debug\opencv_core246d.pdb'; linking object as if no debug info
     1>opencv_core246d.lib(convert.obj) : warning LNK4099: PDB 'opencv_core246d.pdb' was not found with 'opencv_core246d.lib(convert.obj)' or at 'C:\Users\Arnab\documents\visual studio 2010\Projects\OpenSoft\Debug\opencv_core246d.pdb'; linking object as if no debug info
     1>opencv_core246d.lib(copy.obj) : warning LNK4099: PDB 'opencv_core246d.pdb' was not found with 'opencv_core246d.lib(copy.obj)' or at 'C:\Users\Arnab\documents\visual studio 2010\Projects\OpenSoft\Debug\opencv_core246d.pdb'; linking object as if no debug info
     1>opencv_core246d.lib(datastructs.obj) : warning LNK4099: PDB 'opencv_core246d.pdb' was not found with 'opencv_core246d.lib(datastructs.obj)' or at 'C:\Users\Arnab\documents\visual studio 2010\Projects\OpenSoft\Debug\opencv_core246d.pdb'; linking object as if no debug info
     1>opencv_core246d.lib(drawing.obj) : warning LNK4099: PDB 'opencv_core246d.pdb' was not found with 'opencv_core246d.lib(drawing.obj)' or at 'C:\Users\Arnab\documents\visual studio 2010\Projects\OpenSoft\Debug\opencv_core246d.pdb'; linking object as if no debug info
     1>opencv_core246d.lib(dxt.obj) : warning LNK4099: PDB 'opencv_core246d.pdb' was not found with 'opencv_core246d.lib(dxt.obj)' or at 'C:\Users\Arnab\documents\visual studio 2010\Projects\OpenSoft\Debug\opencv_core246d.pdb'; linking object as if no debug info
     1>opencv_core246d.lib(gpumat.obj) : warning LNK4099: PDB 'opencv_core246d.pdb' was not found with 'opencv_core246d.lib(gpumat.obj)' or at 'C:\Users\Arnab\documents\visual studio 2010\Projects\OpenSoft\Debug\opencv_core246d.pdb'; linking object as if no debug info
     1>opencv_core246d.lib(lapack.obj) : warning LNK4099: PDB 'opencv_core246d.pdb' was not found with 'opencv_core246d.lib(lapack.obj)' or at 'C:\Users\Arnab\documents\visual studio 2010\Projects\OpenSoft\Debug\opencv_core246d.pdb'; linking object as if no debug info
     1>opencv_core246d.lib(mathfuncs.obj) : warning LNK4099: PDB 'opencv_core246d.pdb' was not found with 'opencv_core246d.lib(mathfuncs.obj)' or at 'C:\Users\Arnab\documents\visual studio 2010\Projects\OpenSoft\Debug\opencv_core246d.pdb'; linking object as if no debug info
     1>opencv_core246d.lib(matmul.obj) : warning LNK4099: PDB 'opencv_core246d.pdb' was not found with 'opencv_core246d.lib(matmul.obj)' or at 'C:\Users\Arnab\documents\visual studio 2010\Projects\OpenSoft\Debug\opencv_core246d.pdb'; linking object as if no debug info
     1>opencv_core246d.lib(matop.obj) : warning LNK4099: PDB 'opencv_core246d.pdb' was not found with 'opencv_core246d.lib(matop.obj)' or at 'C:\Users\Arnab\documents\visual studio 2010\Projects\OpenSoft\Debug\opencv_core246d.pdb'; linking object as if no debug info
     1>opencv_core246d.lib(matrix.obj) : warning LNK4099: PDB 'opencv_core246d.pdb' was not found with 'opencv_core246d.lib(matrix.obj)' or at 'C:\Users\Arnab\documents\visual studio 2010\Projects\OpenSoft\Debug\opencv_core246d.pdb'; linking object as if no debug info
     1>opencv_core246d.lib(opengl_interop.obj) : warning LNK4099: PDB 'opencv_core246d.pdb' was not found with 'opencv_core246d.lib(opengl_interop.obj)' or at 'C:\Users\Arnab\documents\visual studio 2010\Projects\OpenSoft\Debug\opencv_core246d.pdb'; linking object as if no debug info
     1>opencv_core246d.lib(opengl_interop_deprecated.obj) : warning LNK4099: PDB 'opencv_core246d.pdb' was not found with 'opencv_core246d.lib(opengl_interop_deprecated.obj)' or at 'C:\Users\Arnab\documents\visual studio 2010\Projects\OpenSoft\Debug\opencv_core246d.pdb'; linking object as if no debug info
     1>opencv_core246d.lib(parallel.obj) : warning LNK4099: PDB 'opencv_core246d.pdb' was not found with 'opencv_core246d.lib(parallel.obj)' or at 'C:\Users\Arnab\documents\visual studio 2010\Projects\OpenSoft\Debug\opencv_core246d.pdb'; linking object as if no debug info
     1>opencv_core246d.lib(persistence.obj) : warning LNK4099: PDB 'opencv_core246d.pdb' was not found with 'opencv_core246d.lib(persistence.obj)' or at 'C:\Users\Arnab\documents\visual studio 2010\Projects\OpenSoft\Debug\opencv_core246d.pdb'; linking object as if no debug info
     1>opencv_core246d.lib(rand.obj) : warning LNK4099: PDB 'opencv_core246d.pdb' was not found with 'opencv_core246d.lib(rand.obj)' or at 'C:\Users\Arnab\documents\visual studio 2010\Projects\OpenSoft\Debug\opencv_core246d.pdb'; linking object as if no debug info
     1>opencv_core246d.lib(stat.obj) : warning LNK4099: PDB 'opencv_core246d.pdb' was not found with 'opencv_core246d.lib(stat.obj)' or at 'C:\Users\Arnab\documents\visual studio 2010\Projects\OpenSoft\Debug\opencv_core246d.pdb'; linking object as if no debug info
     1>opencv_core246d.lib(system.obj) : warning LNK4099: PDB 'opencv_core246d.pdb' was not found with 'opencv_core246d.lib(system.obj)' or at 'C:\Users\Arnab\documents\visual studio 2010\Projects\OpenSoft\Debug\opencv_core246d.pdb'; linking object as if no debug info
     1>opencv_core246d.lib(tables.obj) : warning LNK4099: PDB 'opencv_core246d.pdb' was not found with 'opencv_core246d.lib(tables.obj)' or at 'C:\Users\Arnab\documents\visual studio 2010\Projects\OpenSoft\Debug\opencv_core246d.pdb'; linking object as if no debug info
     1>opencv_imgproc246d.lib(filter.obj) : warning LNK4099: PDB 'opencv_imgproc246d.pdb' was not found with 'opencv_imgproc246d.lib(filter.obj)' or at 'C:\Users\Arnab\documents\visual studio 2010\Projects\OpenSoft\Debug\opencv_imgproc246d.pdb'; linking object as if no debug info
     1>opencv_imgproc246d.lib(imgwarp.obj) : warning LNK4099: PDB 'opencv_imgproc246d.pdb' was not found with 'opencv_imgproc246d.lib(imgwarp.obj)' or at 'C:\Users\Arnab\documents\visual studio 2010\Projects\OpenSoft\Debug\opencv_imgproc246d.pdb'; linking object as if no debug info
     1>opencv_imgproc246d.lib(sumpixels.obj) : warning LNK4099: PDB 'opencv_imgproc246d.pdb' was not found with 'opencv_imgproc246d.lib(sumpixels.obj)' or at 'C:\Users\Arnab\documents\visual studio 2010\Projects\OpenSoft\Debug\opencv_imgproc246d.pdb'; linking object as if no debug info
     1>opencv_imgproc246d.lib(templmatch.obj) : warning LNK4099: PDB 'opencv_imgproc246d.pdb' was not found with 'opencv_imgproc246d.lib(templmatch.obj)' or at 'C:\Users\Arnab\documents\visual studio 2010\Projects\OpenSoft\Debug\opencv_imgproc246d.pdb'; linking object as if no debug info
     1>opencv_imgproc246d.lib(utils.obj) : warning LNK4099: PDB 'opencv_imgproc246d.pdb' was not found with 'opencv_imgproc246d.lib(utils.obj)' or at 'C:\Users\Arnab\documents\visual studio 2010\Projects\OpenSoft\Debug\opencv_imgproc246d.pdb'; linking object as if no debug info
     1>opencv_highgui246d.lib(loadsave.obj) : warning LNK4099: PDB 'opencv_highgui246d.pdb' was not found with 'opencv_highgui246d.lib(loadsave.obj)' or at 'C:\Users\Arnab\documents\visual studio 2010\Projects\OpenSoft\Debug\opencv_highgui246d.pdb'; linking object as if no debug info
     1>opencv_highgui246d.lib(utils.obj) : warning LNK4099: PDB 'opencv_highgui246d.pdb' was not found with 'opencv_highgui246d.lib(utils.obj)' or at 'C:\Users\Arnab\documents\visual studio 2010\Projects\OpenSoft\Debug\opencv_highgui246d.pdb'; linking object as if no debug info
     1>opencv_highgui246d.lib(window.obj) : warning LNK4099: PDB 'opencv_highgui246d.pdb' was not found with 'opencv_highgui246d.lib(window.obj)' or at 'C:\Users\Arnab\documents\visual studio 2010\Projects\OpenSoft\Debug\opencv_highgui246d.pdb'; linking object as if no debug info
     1>opencv_highgui246d.lib(window_w32.obj) : warning LNK4099: PDB 'opencv_highgui246d.pdb' was not found with 'opencv_highgui246d.lib(window_w32.obj)' or at 'C:\Users\Arnab\documents\visual studio 2010\Projects\OpenSoft\Debug\opencv_highgui246d.pdb'; linking object as if no debug info
     1>opencv_highgui246d.lib(grfmt_base.obj) : warning LNK4099: PDB 'opencv_highgui246d.pdb' was not found with 'opencv_highgui246d.lib(grfmt_base.obj)' or at 'C:\Users\Arnab\documents\visual studio 2010\Projects\OpenSoft\Debug\opencv_highgui246d.pdb'; linking object as if no debug info
     1>opencv_highgui246d.lib(grfmt_bmp.obj) : warning LNK4099: PDB 'opencv_highgui246d.pdb' was not found with 'opencv_highgui246d.lib(grfmt_bmp.obj)' or at 'C:\Users\Arnab\documents\visual studio 2010\Projects\OpenSoft\Debug\opencv_highgui246d.pdb'; linking object as if no debug info
     1>opencv_highgui246d.lib(grfmt_exr.obj) : warning LNK4099: PDB 'opencv_highgui246d.pdb' was not found with 'opencv_highgui246d.lib(grfmt_exr.obj)' or at 'C:\Users\Arnab\documents\visual studio 2010\Projects\OpenSoft\Debug\opencv_highgui246d.pdb'; linking object as if no debug info
     1>opencv_highgui246d.lib(grfmt_jpeg.obj) : warning LNK4099: PDB 'opencv_highgui246d.pdb' was not found with 'opencv_highgui246d.lib(grfmt_jpeg.obj)' or at 'C:\Users\Arnab\documents\visual studio 2010\Projects\OpenSoft\Debug\opencv_highgui246d.pdb'; linking object as if no debug info
     1>opencv_highgui246d.lib(grfmt_jpeg2000.obj) : warning LNK4099: PDB 'opencv_highgui246d.pdb' was not found with 'opencv_highgui246d.lib(grfmt_jpeg2000.obj)' or at 'C:\Users\Arnab\documents\visual studio 2010\Projects\OpenSoft\Debug\opencv_highgui246d.pdb'; linking object as if no debug info
     1>opencv_highgui246d.lib(grfmt_png.obj) : warning LNK4099: PDB 'opencv_highgui246d.pdb' was not found with 'opencv_highgui246d.lib(grfmt_png.obj)' or at 'C:\Users\Arnab\documents\visual studio 2010\Projects\OpenSoft\Debug\opencv_highgui246d.pdb'; linking object as if no debug info
     1>opencv_highgui246d.lib(grfmt_pxm.obj) : warning LNK4099: PDB 'opencv_highgui246d.pdb' was not found with 'opencv_highgui246d.lib(grfmt_pxm.obj)' or at 'C:\Users\Arnab\documents\visual studio 2010\Projects\OpenSoft\Debug\opencv_highgui246d.pdb'; linking object as if no debug info
     1>opencv_highgui246d.lib(grfmt_sunras.obj) : warning LNK4099: PDB 'opencv_highgui246d.pdb' was not found with 'opencv_highgui246d.lib(grfmt_sunras.obj)' or at 'C:\Users\Arnab\documents\visual studio 2010\Projects\OpenSoft\Debug\opencv_highgui246d.pdb'; linking object as if no debug info
     1>opencv_highgui246d.lib(grfmt_tiff.obj) : warning LNK4099: PDB 'opencv_highgui246d.pdb' was not found with 'opencv_highgui246d.lib(grfmt_tiff.obj)' or at 'C:\Users\Arnab\documents\visual studio 2010\Projects\OpenSoft\Debug\opencv_highgui246d.pdb'; linking object as if no debug info
     1>opencv_highgui246d.lib(bitstrm.obj) : warning LNK4099: PDB 'opencv_highgui246d.pdb' was not found with 'opencv_highgui246d.lib(bitstrm.obj)' or at 'C:\Users\Arnab\documents\visual studio 2010\Projects\OpenSoft\Debug\opencv_highgui246d.pdb'; linking object as if no debug info
     1>zlibd.lib(adler32.obj) : warning LNK4099: PDB 'zlibd.pdb' was not found with 'zlibd.lib(adler32.obj)' or at 'C:\Users\Arnab\documents\visual studio 2010\Projects\OpenSoft\Debug\zlibd.pdb'; linking object as if no debug info
     1>zlibd.lib(compress.obj) : warning LNK4099: PDB 'zlibd.pdb' was not found with 'zlibd.lib(compress.obj)' or at 'C:\Users\Arnab\documents\visual studio 2010\Projects\OpenSoft\Debug\zlibd.pdb'; linking object as if no debug info
     1>zlibd.lib(crc32.obj) : warning LNK4099: PDB 'zlibd.pdb' was not found with 'zlibd.lib(crc32.obj)' or at 'C:\Users\Arnab\documents\visual studio 2010\Projects\OpenSoft\Debug\zlibd.pdb'; linking object as if no debug info
     1>zlibd.lib(deflate.obj) : warning LNK4099: PDB 'zlibd.pdb' was not found with 'zlibd.lib(deflate.obj)' or at 'C:\Users\Arnab\documents\visual studio 2010\Projects\OpenSoft\Debug\zlibd.pdb'; linking object as if no debug info
     1>zlibd.lib(gzclose.obj) : warning LNK4099: PDB 'zlibd.pdb' was not found with 'zlibd.lib(gzclose.obj)' or at 'C:\Users\Arnab\documents\visual studio 2010\Projects\OpenSoft\Debug\zlibd.pdb'; linking object as if no debug info
     1>zlibd.lib(gzlib.obj) : warning LNK4099: PDB 'zlibd.pdb' was not found with 'zlibd.lib(gzlib.obj)' or at 'C:\Users\Arnab\documents\visual studio 2010\Projects\OpenSoft\Debug\zlibd.pdb'; linking object as if no debug info
     1>zlibd.lib(gzread.obj) : warning LNK4099: PDB 'zlibd.pdb' was not found with 'zlibd.lib(gzread.obj)' or at 'C:\Users\Arnab\documents\visual studio 2010\Projects\OpenSoft\Debug\zlibd.pdb'; linking object as if no debug info
     1>zlibd.lib(gzwrite.obj) : warning LNK4099: PDB 'zlibd.pdb' was not found with 'zlibd.lib(gzwrite.obj)' or at 'C:\Users\Arnab\documents\visual studio 2010\Projects\OpenSoft\Debug\zlibd.pdb'; linking object as if no debug info
     1>zlibd.lib(inflate.obj) : warning LNK4099: PDB 'zlibd.pdb' was not found with 'zlibd.lib(inflate.obj)' or at 'C:\Users\Arnab\documents\visual studio 2010\Projects\OpenSoft\Debug\zlibd.pdb'; linking object as if no debug info
     1>zlibd.lib(inftrees.obj) : warning LNK4099: PDB 'zlibd.pdb' was not found with 'zlibd.lib(inftrees.obj)' or at 'C:\Users\Arnab\documents\visual studio 2010\Projects\OpenSoft\Debug\zlibd.pdb'; linking object as if no debug info
     1>zlibd.lib(inffast.obj) : warning LNK4099: PDB 'zlibd.pdb' was not found with 'zlibd.lib(inffast.obj)' or at 'C:\Users\Arnab\documents\visual studio 2010\Projects\OpenSoft\Debug\zlibd.pdb'; linking object as if no debug info
     1>zlibd.lib(trees.obj) : warning LNK4099: PDB 'zlibd.pdb' was not found with 'zlibd.lib(trees.obj)' or at 'C:\Users\Arnab\documents\visual studio 2010\Projects\OpenSoft\Debug\zlibd.pdb'; linking object as if no debug info
     1>zlibd.lib(uncompr.obj) : warning LNK4099: PDB 'zlibd.pdb' was not found with 'zlibd.lib(uncompr.obj)' or at 'C:\Users\Arnab\documents\visual studio 2010\Projects\OpenSoft\Debug\zlibd.pdb'; linking object as if no debug info
     1>zlibd.lib(zutil.obj) : warning LNK4099: PDB 'zlibd.pdb' was not found with 'zlibd.lib(zutil.obj)' or at 'C:\Users\Arnab\documents\visual studio 2010\Projects\OpenSoft\Debug\zlibd.pdb'; linking object as if no debug info
     1>IlmImfd.lib(half.obj) : warning LNK4099: PDB 'ilmimfd.pdb' was not found with 'IlmImfd.lib(half.obj)' or at 'C:\Users\Arnab\documents\visual studio 2010\Projects\OpenSoft\Debug\ilmimfd.pdb'; linking object as if no debug info
     1>IlmImfd.lib(IexBaseExc.obj) : warning LNK4099: PDB 'ilmimfd.pdb' was not found with 'IlmImfd.lib(IexBaseExc.obj)' or at 'C:\Users\Arnab\documents\visual studio 2010\Projects\OpenSoft\Debug\ilmimfd.pdb'; linking object as if no debug info
     1>IlmImfd.lib(IexThrowErrnoExc.obj) : warning LNK4099: PDB 'ilmimfd.pdb' was not found with 'IlmImfd.lib(IexThrowErrnoExc.obj)' or at 'C:\Users\Arnab\documents\visual studio 2010\Projects\OpenSoft\Debug\ilmimfd.pdb'; linking object as if no debug info
     1>IlmImfd.lib(IlmThreadMutexWin32.obj) : warning LNK4099: PDB 'ilmimfd.pdb' was not found with 'IlmImfd.lib(IlmThreadMutexWin32.obj)' or at 'C:\Users\Arnab\documents\visual studio 2010\Projects\OpenSoft\Debug\ilmimfd.pdb'; linking object as if no debug info
     1>IlmImfd.lib(IlmThreadPool.obj) : warning LNK4099: PDB 'ilmimfd.pdb' was not found with 'IlmImfd.lib(IlmThreadPool.obj)' or at 'C:\Users\Arnab\documents\visual studio 2010\Projects\OpenSoft\Debug\ilmimfd.pdb'; linking object as if no debug info
     1>IlmImfd.lib(IlmThreadSemaphoreWin32.obj) : warning LNK4099: PDB 'ilmimfd.pdb' was not found with 'IlmImfd.lib(IlmThreadSemaphoreWin32.obj)' or at 'C:\Users\Arnab\documents\visual studio 2010\Projects\OpenSoft\Debug\ilmimfd.pdb'; linking object as if no debug info
     1>IlmImfd.lib(IlmThreadWin32.obj) : warning LNK4099: PDB 'ilmimfd.pdb' was not found with 'IlmImfd.lib(IlmThreadWin32.obj)' or at 'C:\Users\Arnab\documents\visual studio 2010\Projects\OpenSoft\Debug\ilmimfd.pdb'; linking object as if no debug info
     1>IlmImfd.lib(ImfAttribute.obj) : warning LNK4099: PDB 'ilmimfd.pdb' was not found with 'IlmImfd.lib(ImfAttribute.obj)' or at 'C:\Users\Arnab\documents\visual studio 2010\Projects\OpenSoft\Debug\ilmimfd.pdb'; linking object as if no debug info
     1>IlmImfd.lib(ImfB44Compressor.obj) : warning LNK4099: PDB 'ilmimfd.pdb' was not found with 'IlmImfd.lib(ImfB44Compressor.obj)' or at 'C:\Users\Arnab\documents\visual studio 2010\Projects\OpenSoft\Debug\ilmimfd.pdb'; linking object as if no debug info
     1>IlmImfd.lib(ImfBoxAttribute.obj) : warning LNK4099: PDB 'ilmimfd.pdb' was not found with 'IlmImfd.lib(ImfBoxAttribute.obj)' or at 'C:\Users\Arnab\documents\visual studio 2010\Projects\OpenSoft\Debug\ilmimfd.pdb'; linking object as if no debug info
     1>IlmImfd.lib(ImfChannelList.obj) : warning LNK4099: PDB 'ilmimfd.pdb' was not found with 'IlmImfd.lib(ImfChannelList.obj)' or at 'C:\Users\Arnab\documents\visual studio 2010\Projects\OpenSoft\Debug\ilmimfd.pdb'; linking object as if no debug info
     1>IlmImfd.lib(ImfChannelListAttribute.obj) : warning LNK4099: PDB 'ilmimfd.pdb' was not found with 'IlmImfd.lib(ImfChannelListAttribute.obj)' or at 'C:\Users\Arnab\documents\visual studio 2010\Projects\OpenSoft\Debug\ilmimfd.pdb'; linking object as if no debug info
     1>IlmImfd.lib(ImfChromaticities.obj) : warning LNK4099: PDB 'ilmimfd.pdb' was not found with 'IlmImfd.lib(ImfChromaticities.obj)' or at 'C:\Users\Arnab\documents\visual studio 2010\Projects\OpenSoft\Debug\ilmimfd.pdb'; linking object as if no debug info
     1>IlmImfd.lib(ImfChromaticitiesAttribute.obj) : warning LNK4099: PDB 'ilmimfd.pdb' was not found with 'IlmImfd.lib(ImfChromaticitiesAttribute.obj)' or at 'C:\Users\Arnab\documents\visual studio 2010\Projects\OpenSoft\Debug\ilmimfd.pdb'; linking object as if no debug info
     1>IlmImfd.lib(ImfCompressionAttribute.obj) : warning LNK4099: PDB 'ilmimfd.pdb' was not found with 'IlmImfd.lib(ImfCompressionAttribute.obj)' or at 'C:\Users\Arnab\documents\visual studio 2010\Projects\OpenSoft\Debug\ilmimfd.pdb'; linking object as if no debug info
     1>IlmImfd.lib(ImfCompressor.obj) : warning LNK4099: PDB 'ilmimfd.pdb' was not found with 'IlmImfd.lib(ImfCompressor.obj)' or at 'C:\Users\Arnab\documents\visual studio 2010\Projects\OpenSoft\Debug\ilmimfd.pdb'; linking object as if no debug info
     1>IlmImfd.lib(ImfConvert.obj) : warning LNK4099: PDB 'ilmimfd.pdb' was not found with 'IlmImfd.lib(ImfConvert.obj)' or at 'C:\Users\Arnab\documents\visual studio 2010\Projects\OpenSoft\Debug\ilmimfd.pdb'; linking object as if no debug info
     1>IlmImfd.lib(ImfDoubleAttribute.obj) : warning LNK4099: PDB 'ilmimfd.pdb' was not found with 'IlmImfd.lib(ImfDoubleAttribute.obj)' or at 'C:\Users\Arnab\documents\visual studio 2010\Projects\OpenSoft\Debug\ilmimfd.pdb'; linking object as if no debug info
     1>IlmImfd.lib(ImfEnvmapAttribute.obj) : warning LNK4099: PDB 'ilmimfd.pdb' was not found with 'IlmImfd.lib(ImfEnvmapAttribute.obj)' or at 'C:\Users\Arnab\documents\visual studio 2010\Projects\OpenSoft\Debug\ilmimfd.pdb'; linking object as if no debug info
     1>IlmImfd.lib(ImfFloatAttribute.obj) : warning LNK4099: PDB 'ilmimfd.pdb' was not found with 'IlmImfd.lib(ImfFloatAttribute.obj)' or at 'C:\Users\Arnab\documents\visual studio 2010\Projects\OpenSoft\Debug\ilmimfd.pdb'; linking object as if no debug info
     1>IlmImfd.lib(ImfFrameBuffer.obj) : warning LNK4099: PDB 'ilmimfd.pdb' was not found with 'IlmImfd.lib(ImfFrameBuffer.obj)' or at 'C:\Users\Arnab\documents\visual studio 2010\Projects\OpenSoft\Debug\ilmimfd.pdb'; linking object as if no debug info
     1>IlmImfd.lib(ImfHeader.obj) : warning LNK4099: PDB 'ilmimfd.pdb' was not found with 'IlmImfd.lib(ImfHeader.obj)' or at 'C:\Users\Arnab\documents\visual studio 2010\Projects\OpenSoft\Debug\ilmimfd.pdb'; linking object as if no debug info
     1>IlmImfd.lib(ImfHuf.obj) : warning LNK4099: PDB 'ilmimfd.pdb' was not found with 'IlmImfd.lib(ImfHuf.obj)' or at 'C:\Users\Arnab\documents\visual studio 2010\Projects\OpenSoft\Debug\ilmimfd.pdb'; linking object as if no debug info
     1>IlmImfd.lib(ImfInputFile.obj) : warning LNK4099: PDB 'ilmimfd.pdb' was not found with 'IlmImfd.lib(ImfInputFile.obj)' or at 'C:\Users\Arnab\documents\visual studio 2010\Projects\OpenSoft\Debug\ilmimfd.pdb'; linking object as if no debug info
     1>IlmImfd.lib(ImfIntAttribute.obj) : warning LNK4099: PDB 'ilmimfd.pdb' was not found with 'IlmImfd.lib(ImfIntAttribute.obj)' or at 'C:\Users\Arnab\documents\visual studio 2010\Projects\OpenSoft\Debug\ilmimfd.pdb'; linking object as if no debug info
     1>IlmImfd.lib(ImfIO.obj) : warning LNK4099: PDB 'ilmimfd.pdb' was not found with 'IlmImfd.lib(ImfIO.obj)' or at 'C:\Users\Arnab\documents\visual studio 2010\Projects\OpenSoft\Debug\ilmimfd.pdb'; linking object as if no debug info
     1>IlmImfd.lib(ImfKeyCode.obj) : warning LNK4099: PDB 'ilmimfd.pdb' was not found with 'IlmImfd.lib(ImfKeyCode.obj)' or at 'C:\Users\Arnab\documents\visual studio 2010\Projects\OpenSoft\Debug\ilmimfd.pdb'; linking object as if no debug info
     1>IlmImfd.lib(ImfKeyCodeAttribute.obj) : warning LNK4099: PDB 'ilmimfd.pdb' was not found with 'IlmImfd.lib(ImfKeyCodeAttribute.obj)' or at 'C:\Users\Arnab\documents\visual studio 2010\Projects\OpenSoft\Debug\ilmimfd.pdb'; linking object as if no debug info
     1>IlmImfd.lib(ImfLineOrderAttribute.obj) : warning LNK4099: PDB 'ilmimfd.pdb' was not found with 'IlmImfd.lib(ImfLineOrderAttribute.obj)' or at 'C:\Users\Arnab\documents\visual studio 2010\Projects\OpenSoft\Debug\ilmimfd.pdb'; linking object as if no debug info
     1>IlmImfd.lib(ImfMatrixAttribute.obj) : warning LNK4099: PDB 'ilmimfd.pdb' was not found with 'IlmImfd.lib(ImfMatrixAttribute.obj)' or at 'C:\Users\Arnab\documents\visual studio 2010\Projects\OpenSoft\Debug\ilmimfd.pdb'; linking object as if no debug info
     1>IlmImfd.lib(ImfMisc.obj) : warning LNK4099: PDB 'ilmimfd.pdb' was not found with 'IlmImfd.lib(ImfMisc.obj)' or at 'C:\Users\Arnab\documents\visual studio 2010\Projects\OpenSoft\Debug\ilmimfd.pdb'; linking object as if no debug info
     1>IlmImfd.lib(ImfOpaqueAttribute.obj) : warning LNK4099: PDB 'ilmimfd.pdb' was not found with 'IlmImfd.lib(ImfOpaqueAttribute.obj)' or at 'C:\Users\Arnab\documents\visual studio 2010\Projects\OpenSoft\Debug\ilmimfd.pdb'; linking object as if no debug info
     1>IlmImfd.lib(ImfOutputFile.obj) : warning LNK4099: PDB 'ilmimfd.pdb' was not found with 'IlmImfd.lib(ImfOutputFile.obj)' or at 'C:\Users\Arnab\documents\visual studio 2010\Projects\OpenSoft\Debug\ilmimfd.pdb'; linking object as if no debug info
     1>IlmImfd.lib(ImfPizCompressor.obj) : warning LNK4099: PDB 'ilmimfd.pdb' was not found with 'IlmImfd.lib(ImfPizCompressor.obj)' or at 'C:\Users\Arnab\documents\visual studio 2010\Projects\OpenSoft\Debug\ilmimfd.pdb'; linking object as if no debug info
     1>IlmImfd.lib(ImfPreviewImage.obj) : warning LNK4099: PDB 'ilmimfd.pdb' was not found with 'IlmImfd.lib(ImfPreviewImage.obj)' or at 'C:\Users\Arnab\documents\visual studio 2010\Projects\OpenSoft\Debug\ilmimfd.pdb'; linking object as if no debug info
     1>IlmImfd.lib(ImfPreviewImageAttribute.obj) : warning LNK4099: PDB 'ilmimfd.pdb' was not found with 'IlmImfd.lib(ImfPreviewImageAttribute.obj)' or at 'C:\Users\Arnab\documents\visual studio 2010\Projects\OpenSoft\Debug\ilmimfd.pdb'; linking object as if no debug info
     1>IlmImfd.lib(ImfPxr24Compressor.obj) : warning LNK4099: PDB 'ilmimfd.pdb' was not found with 'IlmImfd.lib(ImfPxr24Compressor.obj)' or at 'C:\Users\Arnab\documents\visual studio 2010\Projects\OpenSoft\Debug\ilmimfd.pdb'; linking object as if no debug info
     1>IlmImfd.lib(ImfRationalAttribute.obj) : warning LNK4099: PDB 'ilmimfd.pdb' was not found with 'IlmImfd.lib(ImfRationalAttribute.obj)' or at 'C:\Users\Arnab\documents\visual studio 2010\Projects\OpenSoft\Debug\ilmimfd.pdb'; linking object as if no debug info
     1>IlmImfd.lib(ImfRleCompressor.obj) : warning LNK4099: PDB 'ilmimfd.pdb' was not found with 'IlmImfd.lib(ImfRleCompressor.obj)' or at 'C:\Users\Arnab\documents\visual studio 2010\Projects\OpenSoft\Debug\ilmimfd.pdb'; linking object as if no debug info
     1>IlmImfd.lib(ImfScanLineInputFile.obj) : warning LNK4099: PDB 'ilmimfd.pdb' was not found with 'IlmImfd.lib(ImfScanLineInputFile.obj)' or at 'C:\Users\Arnab\documents\visual studio 2010\Projects\OpenSoft\Debug\ilmimfd.pdb'; linking object as if no debug info
     1>IlmImfd.lib(ImfStandardAttributes.obj) : warning LNK4099: PDB 'ilmimfd.pdb' was not found with 'IlmImfd.lib(ImfStandardAttributes.obj)' or at 'C:\Users\Arnab\documents\visual studio 2010\Projects\OpenSoft\Debug\ilmimfd.pdb'; linking object as if no debug info
     1>IlmImfd.lib(ImfStdIO.obj) : warning LNK4099: PDB 'ilmimfd.pdb' was not found with 'IlmImfd.lib(ImfStdIO.obj)' or at 'C:\Users\Arnab\documents\visual studio 2010\Projects\OpenSoft\Debug\ilmimfd.pdb'; linking object as if no debug info
     1>IlmImfd.lib(ImfStringAttribute.obj) : warning LNK4099: PDB 'ilmimfd.pdb' was not found with 'IlmImfd.lib(ImfStringAttribute.obj)' or at 'C:\Users\Arnab\documents\visual studio 2010\Projects\OpenSoft\Debug\ilmimfd.pdb'; linking object as if no debug info
     1>IlmImfd.lib(ImfStringVectorAttribute.obj) : warning LNK4099: PDB 'ilmimfd.pdb' was not found with 'IlmImfd.lib(ImfStringVectorAttribute.obj)' or at 'C:\Users\Arnab\documents\visual studio 2010\Projects\OpenSoft\Debug\ilmimfd.pdb'; linking object as if no debug info
     1>IlmImfd.lib(ImfThreading.obj) : warning LNK4099: PDB 'ilmimfd.pdb' was not found with 'IlmImfd.lib(ImfThreading.obj)' or at 'C:\Users\Arnab\documents\visual studio 2010\Projects\OpenSoft\Debug\ilmimfd.pdb'; linking object as if no debug info
     1>IlmImfd.lib(ImfTileDescriptionAttribute.obj) : warning LNK4099: PDB 'ilmimfd.pdb' was not found with 'IlmImfd.lib(ImfTileDescriptionAttribute.obj)' or at 'C:\Users\Arnab\documents\visual studio 2010\Projects\OpenSoft\Debug\ilmimfd.pdb'; linking object as if no debug info
     1>IlmImfd.lib(ImfTiledInputFile.obj) : warning LNK4099: PDB 'ilmimfd.pdb' was not found with 'IlmImfd.lib(ImfTiledInputFile.obj)' or at 'C:\Users\Arnab\documents\visual studio 2010\Projects\OpenSoft\Debug\ilmimfd.pdb'; linking object as if no debug info
     1>IlmImfd.lib(ImfTiledMisc.obj) : warning LNK4099: PDB 'ilmimfd.pdb' was not found with 'IlmImfd.lib(ImfTiledMisc.obj)' or at 'C:\Users\Arnab\documents\visual studio 2010\Projects\OpenSoft\Debug\ilmimfd.pdb'; linking object as if no debug info
     1>IlmImfd.lib(ImfTileOffsets.obj) : warning LNK4099: PDB 'ilmimfd.pdb' was not found with 'IlmImfd.lib(ImfTileOffsets.obj)' or at 'C:\Users\Arnab\documents\visual studio 2010\Projects\OpenSoft\Debug\ilmimfd.pdb'; linking object as if no debug info
     1>IlmImfd.lib(ImfTimeCode.obj) : warning LNK4099: PDB 'ilmimfd.pdb' was not found with 'IlmImfd.lib(ImfTimeCode.obj)' or at 'C:\Users\Arnab\documents\visual studio 2010\Projects\OpenSoft\Debug\ilmimfd.pdb'; linking object as if no debug info
     1>IlmImfd.lib(ImfTimeCodeAttribute.obj) : warning LNK4099: PDB 'ilmimfd.pdb' was not found with 'IlmImfd.lib(ImfTimeCodeAttribute.obj)' or at 'C:\Users\Arnab\documents\visual studio 2010\Projects\OpenSoft\Debug\ilmimfd.pdb'; linking object as if no debug info
     1>IlmImfd.lib(ImfVecAttribute.obj) : warning LNK4099: PDB 'ilmimfd.pdb' was not found with 'IlmImfd.lib(ImfVecAttribute.obj)' or at 'C:\Users\Arnab\documents\visual studio 2010\Projects\OpenSoft\Debug\ilmimfd.pdb'; linking object as if no debug info
     1>IlmImfd.lib(ImfWav.obj) : warning LNK4099: PDB 'ilmimfd.pdb' was not found with 'IlmImfd.lib(ImfWav.obj)' or at 'C:\Users\Arnab\documents\visual studio 2010\Projects\OpenSoft\Debug\ilmimfd.pdb'; linking object as if no debug info
     1>IlmImfd.lib(ImfZipCompressor.obj) : warning LNK4099: PDB 'ilmimfd.pdb' was not found with 'IlmImfd.lib(ImfZipCompressor.obj)' or at 'C:\Users\Arnab\documents\visual studio 2010\Projects\OpenSoft\Debug\ilmimfd.pdb'; linking object as if no debug info
     1>libpngd.lib(png.obj) : warning LNK4099: PDB 'libpngd.pdb' was not found with 'libpngd.lib(png.obj)' or at 'C:\Users\Arnab\documents\visual studio 2010\Projects\OpenSoft\Debug\libpngd.pdb'; linking object as if no debug info
     1>libpngd.lib(pngerror.obj) : warning LNK4099: PDB 'libpngd.pdb' was not found with 'libpngd.lib(pngerror.obj)' or at 'C:\Users\Arnab\documents\visual studio 2010\Projects\OpenSoft\Debug\libpngd.pdb'; linking object as if no debug info
     1>libpngd.lib(pngget.obj) : warning LNK4099: PDB 'libpngd.pdb' was not found with 'libpngd.lib(pngget.obj)' or at 'C:\Users\Arnab\documents\visual studio 2010\Projects\OpenSoft\Debug\libpngd.pdb'; linking object as if no debug info
     1>libpngd.lib(pngmem.obj) : warning LNK4099: PDB 'libpngd.pdb' was not found with 'libpngd.lib(pngmem.obj)' or at 'C:\Users\Arnab\documents\visual studio 2010\Projects\OpenSoft\Debug\libpngd.pdb'; linking object as if no debug info
     1>libpngd.lib(pngread.obj) : warning LNK4099: PDB 'libpngd.pdb' was not found with 'libpngd.lib(pngread.obj)' or at 'C:\Users\Arnab\documents\visual studio 2010\Projects\OpenSoft\Debug\libpngd.pdb'; linking object as if no debug info
     1>libpngd.lib(pngrio.obj) : warning LNK4099: PDB 'libpngd.pdb' was not found with 'libpngd.lib(pngrio.obj)' or at 'C:\Users\Arnab\documents\visual studio 2010\Projects\OpenSoft\Debug\libpngd.pdb'; linking object as if no debug info
     1>libpngd.lib(pngrtran.obj) : warning LNK4099: PDB 'libpngd.pdb' was not found with 'libpngd.lib(pngrtran.obj)' or at 'C:\Users\Arnab\documents\visual studio 2010\Projects\OpenSoft\Debug\libpngd.pdb'; linking object as if no debug info
     1>libpngd.lib(pngrutil.obj) : warning LNK4099: PDB 'libpngd.pdb' was not found with 'libpngd.lib(pngrutil.obj)' or at 'C:\Users\Arnab\documents\visual studio 2010\Projects\OpenSoft\Debug\libpngd.pdb'; linking object as if no debug info
     1>libpngd.lib(pngset.obj) : warning LNK4099: PDB 'libpngd.pdb' was not found with 'libpngd.lib(pngset.obj)' or at 'C:\Users\Arnab\documents\visual studio 2010\Projects\OpenSoft\Debug\libpngd.pdb'; linking object as if no debug info
     1>libpngd.lib(pngtrans.obj) : warning LNK4099: PDB 'libpngd.pdb' was not found with 'libpngd.lib(pngtrans.obj)' or at 'C:\Users\Arnab\documents\visual studio 2010\Projects\OpenSoft\Debug\libpngd.pdb'; linking object as if no debug info
     1>libpngd.lib(pngwio.obj) : warning LNK4099: PDB 'libpngd.pdb' was not found with 'libpngd.lib(pngwio.obj)' or at 'C:\Users\Arnab\documents\visual studio 2010\Projects\OpenSoft\Debug\libpngd.pdb'; linking object as if no debug info
     1>libpngd.lib(pngwrite.obj) : warning LNK4099: PDB 'libpngd.pdb' was not found with 'libpngd.lib(pngwrite.obj)' or at 'C:\Users\Arnab\documents\visual studio 2010\Projects\OpenSoft\Debug\libpngd.pdb'; linking object as if no debug info
     1>libpngd.lib(pngwtran.obj) : warning LNK4099: PDB 'libpngd.pdb' was not found with 'libpngd.lib(pngwtran.obj)' or at 'C:\Users\Arnab\documents\visual studio 2010\Projects\OpenSoft\Debug\libpngd.pdb'; linking object as if no debug info
     1>libpngd.lib(pngwutil.obj) : warning LNK4099: PDB 'libpngd.pdb' was not found with 'libpngd.lib(pngwutil.obj)' or at 'C:\Users\Arnab\documents\visual studio 2010\Projects\OpenSoft\Debug\libpngd.pdb'; linking object as if no debug info
     1>libtiffd.lib(tif_aux.obj) : warning LNK4099: PDB 'libtiffd.pdb' was not found with 'libtiffd.lib(tif_aux.obj)' or at 'C:\Users\Arnab\documents\visual studio 2010\Projects\OpenSoft\Debug\libtiffd.pdb'; linking object as if no debug info
     1>libtiffd.lib(tif_close.obj) : warning LNK4099: PDB 'libtiffd.pdb' was not found with 'libtiffd.lib(tif_close.obj)' or at 'C:\Users\Arnab\documents\visual studio 2010\Projects\OpenSoft\Debug\libtiffd.pdb'; linking object as if no debug info
     1>libtiffd.lib(tif_codec.obj) : warning LNK4099: PDB 'libtiffd.pdb' was not found with 'libtiffd.lib(tif_codec.obj)' or at 'C:\Users\Arnab\documents\visual studio 2010\Projects\OpenSoft\Debug\libtiffd.pdb'; linking object as if no debug info
     1>libtiffd.lib(tif_color.obj) : warning LNK4099: PDB 'libtiffd.pdb' was not found with 'libtiffd.lib(tif_color.obj)' or at 'C:\Users\Arnab\documents\visual studio 2010\Projects\OpenSoft\Debug\libtiffd.pdb'; linking object as if no debug info
     1>libtiffd.lib(tif_compress.obj) : warning LNK4099: PDB 'libtiffd.pdb' was not found with 'libtiffd.lib(tif_compress.obj)' or at 'C:\Users\Arnab\documents\visual studio 2010\Projects\OpenSoft\Debug\libtiffd.pdb'; linking object as if no debug info
     1>libtiffd.lib(tif_dir.obj) : warning LNK4099: PDB 'libtiffd.pdb' was not found with 'libtiffd.lib(tif_dir.obj)' or at 'C:\Users\Arnab\documents\visual studio 2010\Projects\OpenSoft\Debug\libtiffd.pdb'; linking object as if no debug info
     1>libtiffd.lib(tif_dirinfo.obj) : warning LNK4099: PDB 'libtiffd.pdb' was not found with 'libtiffd.lib(tif_dirinfo.obj)' or at 'C:\Users\Arnab\documents\visual studio 2010\Projects\OpenSoft\Debug\libtiffd.pdb'; linking object as if no debug info
     1>libtiffd.lib(tif_dirread.obj) : warning LNK4099: PDB 'libtiffd.pdb' was not found with 'libtiffd.lib(tif_dirread.obj)' or at 'C:\Users\Arnab\documents\visual studio 2010\Projects\OpenSoft\Debug\libtiffd.pdb'; linking object as if no debug info
     1>libtiffd.lib(tif_dirwrite.obj) : warning LNK4099: PDB 'libtiffd.pdb' was not found with 'libtiffd.lib(tif_dirwrite.obj)' or at 'C:\Users\Arnab\documents\visual studio 2010\Projects\OpenSoft\Debug\libtiffd.pdb'; linking object as if no debug info
     1>libtiffd.lib(tif_dumpmode.obj) : warning LNK4099: PDB 'libtiffd.pdb' was not found with 'libtiffd.lib(tif_dumpmode.obj)' or at 'C:\Users\Arnab\documents\visual studio 2010\Projects\OpenSoft\Debug\libtiffd.pdb'; linking object as if no debug info
     1>libtiffd.lib(tif_error.obj) : warning LNK4099: PDB 'libtiffd.pdb' was not found with 'libtiffd.lib(tif_error.obj)' or at 'C:\Users\Arnab\documents\visual studio 2010\Projects\OpenSoft\Debug\libtiffd.pdb'; linking object as if no debug info
     1>libtiffd.lib(tif_fax3.obj) : warning LNK4099: PDB 'libtiffd.pdb' was not found with 'libtiffd.lib(tif_fax3.obj)' or at 'C:\Users\Arnab\documents\visual studio 2010\Projects\OpenSoft\Debug\libtiffd.pdb'; linking object as if no debug info
     1>libtiffd.lib(tif_fax3sm.obj) : warning LNK4099: PDB 'libtiffd.pdb' was not found with 'libtiffd.lib(tif_fax3sm.obj)' or at 'C:\Users\Arnab\documents\visual studio 2010\Projects\OpenSoft\Debug\libtiffd.pdb'; linking object as if no debug info
     1>libtiffd.lib(tif_flush.obj) : warning LNK4099: PDB 'libtiffd.pdb' was not found with 'libtiffd.lib(tif_flush.obj)' or at 'C:\Users\Arnab\documents\visual studio 2010\Projects\OpenSoft\Debug\libtiffd.pdb'; linking object as if no debug info
     1>libtiffd.lib(tif_getimage.obj) : warning LNK4099: PDB 'libtiffd.pdb' was not found with 'libtiffd.lib(tif_getimage.obj)' or at 'C:\Users\Arnab\documents\visual studio 2010\Projects\OpenSoft\Debug\libtiffd.pdb'; linking object as if no debug info
     1>libtiffd.lib(tif_luv.obj) : warning LNK4099: PDB 'libtiffd.pdb' was not found with 'libtiffd.lib(tif_luv.obj)' or at 'C:\Users\Arnab\documents\visual studio 2010\Projects\OpenSoft\Debug\libtiffd.pdb'; linking object as if no debug info
     1>libtiffd.lib(tif_lzw.obj) : warning LNK4099: PDB 'libtiffd.pdb' was not found with 'libtiffd.lib(tif_lzw.obj)' or at 'C:\Users\Arnab\documents\visual studio 2010\Projects\OpenSoft\Debug\libtiffd.pdb'; linking object as if no debug info
     1>libtiffd.lib(tif_next.obj) : warning LNK4099: PDB 'libtiffd.pdb' was not found with 'libtiffd.lib(tif_next.obj)' or at 'C:\Users\Arnab\documents\visual studio 2010\Projects\OpenSoft\Debug\libtiffd.pdb'; linking object as if no debug info
     1>libtiffd.lib(tif_open.obj) : warning LNK4099: PDB 'libtiffd.pdb' was not found with 'libtiffd.lib(tif_open.obj)' or at 'C:\Users\Arnab\documents\visual studio 2010\Projects\OpenSoft\Debug\libtiffd.pdb'; linking object as if no debug info
     1>libtiffd.lib(tif_packbits.obj) : warning LNK4099: PDB 'libtiffd.pdb' was not found with 'libtiffd.lib(tif_packbits.obj)' or at 'C:\Users\Arnab\documents\visual studio 2010\Projects\OpenSoft\Debug\libtiffd.pdb'; linking object as if no debug info
     1>libtiffd.lib(tif_pixarlog.obj) : warning LNK4099: PDB 'libtiffd.pdb' was not found with 'libtiffd.lib(tif_pixarlog.obj)' or at 'C:\Users\Arnab\documents\visual studio 2010\Projects\OpenSoft\Debug\libtiffd.pdb'; linking object as if no debug info
     1>libtiffd.lib(tif_predict.obj) : warning LNK4099: PDB 'libtiffd.pdb' was not found with 'libtiffd.lib(tif_predict.obj)' or at 'C:\Users\Arnab\documents\visual studio 2010\Projects\OpenSoft\Debug\libtiffd.pdb'; linking object as if no debug info
     1>libtiffd.lib(tif_read.obj) : warning LNK4099: PDB 'libtiffd.pdb' was not found with 'libtiffd.lib(tif_read.obj)' or at 'C:\Users\Arnab\documents\visual studio 2010\Projects\OpenSoft\Debug\libtiffd.pdb'; linking object as if no debug info
     1>libtiffd.lib(tif_strip.obj) : warning LNK4099: PDB 'libtiffd.pdb' was not found with 'libtiffd.lib(tif_strip.obj)' or at 'C:\Users\Arnab\documents\visual studio 2010\Projects\OpenSoft\Debug\libtiffd.pdb'; linking object as if no debug info
     1>libtiffd.lib(tif_swab.obj) : warning LNK4099: PDB 'libtiffd.pdb' was not found with 'libtiffd.lib(tif_swab.obj)' or at 'C:\Users\Arnab\documents\visual studio 2010\Projects\OpenSoft\Debug\libtiffd.pdb'; linking object as if no debug info
     1>libtiffd.lib(tif_thunder.obj) : warning LNK4099: PDB 'libtiffd.pdb' was not found with 'libtiffd.lib(tif_thunder.obj)' or at 'C:\Users\Arnab\documents\visual studio 2010\Projects\OpenSoft\Debug\libtiffd.pdb'; linking object as if no debug info
     1>libtiffd.lib(tif_tile.obj) : warning LNK4099: PDB 'libtiffd.pdb' was not found with 'libtiffd.lib(tif_tile.obj)' or at 'C:\Users\Arnab\documents\visual studio 2010\Projects\OpenSoft\Debug\libtiffd.pdb'; linking object as if no debug info
     1>libtiffd.lib(tif_warning.obj) : warning LNK4099: PDB 'libtiffd.pdb' was not found with 'libtiffd.lib(tif_warning.obj)' or at 'C:\Users\Arnab\documents\visual studio 2010\Projects\OpenSoft\Debug\libtiffd.pdb'; linking object as if no debug info
     1>libtiffd.lib(tif_write.obj) : warning LNK4099: PDB 'libtiffd.pdb' was not found with 'libtiffd.lib(tif_write.obj)' or at 'C:\Users\Arnab\documents\visual studio 2010\Projects\OpenSoft\Debug\libtiffd.pdb'; linking object as if no debug info
     1>libtiffd.lib(tif_zip.obj) : warning LNK4099: PDB 'libtiffd.pdb' was not found with 'libtiffd.lib(tif_zip.obj)' or at 'C:\Users\Arnab\documents\visual studio 2010\Projects\OpenSoft\Debug\libtiffd.pdb'; linking object as if no debug info
     1>libtiffd.lib(tif_win32.obj) : warning LNK4099: PDB 'libtiffd.pdb' was not found with 'libtiffd.lib(tif_win32.obj)' or at 'C:\Users\Arnab\documents\visual studio 2010\Projects\OpenSoft\Debug\libtiffd.pdb'; linking object as if no debug info
     1>libjasperd.lib(jas_cm.obj) : warning LNK4099: PDB 'libjasperd.pdb' was not found with 'libjasperd.lib(jas_cm.obj)' or at 'C:\Users\Arnab\documents\visual studio 2010\Projects\OpenSoft\Debug\libjasperd.pdb'; linking object as if no debug info
     1>libjasperd.lib(jas_debug.obj) : warning LNK4099: PDB 'libjasperd.pdb' was not found with 'libjasperd.lib(jas_debug.obj)' or at 'C:\Users\Arnab\documents\visual studio 2010\Projects\OpenSoft\Debug\libjasperd.pdb'; linking object as if no debug info
     1>libjasperd.lib(jas_icc.obj) : warning LNK4099: PDB 'libjasperd.pdb' was not found with 'libjasperd.lib(jas_icc.obj)' or at 'C:\Users\Arnab\documents\visual studio 2010\Projects\OpenSoft\Debug\libjasperd.pdb'; linking object as if no debug info
     1>libjasperd.lib(jas_iccdata.obj) : warning LNK4099: PDB 'libjasperd.pdb' was not found with 'libjasperd.lib(jas_iccdata.obj)' or at 'C:\Users\Arnab\documents\visual studio 2010\Projects\OpenSoft\Debug\libjasperd.pdb'; linking object as if no debug info
     1>libjasperd.lib(jas_image.obj) : warning LNK4099: PDB 'libjasperd.pdb' was not found with 'libjasperd.lib(jas_image.obj)' or at 'C:\Users\Arnab\documents\visual studio 2010\Projects\OpenSoft\Debug\libjasperd.pdb'; linking object as if no debug info
     1>libjasperd.lib(jas_init.obj) : warning LNK4099: PDB 'libjasperd.pdb' was not found with 'libjasperd.lib(jas_init.obj)' or at 'C:\Users\Arnab\documents\visual studio 2010\Projects\OpenSoft\Debug\libjasperd.pdb'; linking object as if no debug info
     1>libjasperd.lib(jas_malloc.obj) : warning LNK4099: PDB 'libjasperd.pdb' was not found with 'libjasperd.lib(jas_malloc.obj)' or at 'C:\Users\Arnab\documents\visual studio 2010\Projects\OpenSoft\Debug\libjasperd.pdb'; linking object as if no debug info
     1>libjasperd.lib(jas_seq.obj) : warning LNK4099: PDB 'libjasperd.pdb' was not found with 'libjasperd.lib(jas_seq.obj)' or at 'C:\Users\Arnab\documents\visual studio 2010\Projects\OpenSoft\Debug\libjasperd.pdb'; linking object as if no debug info
     1>libjasperd.lib(jas_stream.obj) : warning LNK4099: PDB 'libjasperd.pdb' was not found with 'libjasperd.lib(jas_stream.obj)' or at 'C:\Users\Arnab\documents\visual studio 2010\Projects\OpenSoft\Debug\libjasperd.pdb'; linking object as if no debug info
     1>libjasperd.lib(jas_string.obj) : warning LNK4099: PDB 'libjasperd.pdb' was not found with 'libjasperd.lib(jas_string.obj)' or at 'C:\Users\Arnab\documents\visual studio 2010\Projects\OpenSoft\Debug\libjasperd.pdb'; linking object as if no debug info
     1>libjasperd.lib(jas_tvp.obj) : warning LNK4099: PDB 'libjasperd.pdb' was not found with 'libjasperd.lib(jas_tvp.obj)' or at 'C:\Users\Arnab\documents\visual studio 2010\Projects\OpenSoft\Debug\libjasperd.pdb'; linking object as if no debug info
     1>libjasperd.lib(jas_version.obj) : warning LNK4099: PDB 'libjasperd.pdb' was not found with 'libjasperd.lib(jas_version.obj)' or at 'C:\Users\Arnab\documents\visual studio 2010\Projects\OpenSoft\Debug\libjasperd.pdb'; linking object as if no debug info
     1>libjasperd.lib(jp2_cod.obj) : warning LNK4099: PDB 'libjasperd.pdb' was not found with 'libjasperd.lib(jp2_cod.obj)' or at 'C:\Users\Arnab\documents\visual studio 2010\Projects\OpenSoft\Debug\libjasperd.pdb'; linking object as if no debug info
     1>libjasperd.lib(jp2_dec.obj) : warning LNK4099: PDB 'libjasperd.pdb' was not found with 'libjasperd.lib(jp2_dec.obj)' or at 'C:\Users\Arnab\documents\visual studio 2010\Projects\OpenSoft\Debug\libjasperd.pdb'; linking object as if no debug info
     1>libjasperd.lib(jp2_enc.obj) : warning LNK4099: PDB 'libjasperd.pdb' was not found with 'libjasperd.lib(jp2_enc.obj)' or at 'C:\Users\Arnab\documents\visual studio 2010\Projects\OpenSoft\Debug\libjasperd.pdb'; linking object as if no debug info
     1>libjasperd.lib(jpc_bs.obj) : warning LNK4099: PDB 'libjasperd.pdb' was not found with 'libjasperd.lib(jpc_bs.obj)' or at 'C:\Users\Arnab\documents\visual studio 2010\Projects\OpenSoft\Debug\libjasperd.pdb'; linking object as if no debug info
     1>libjasperd.lib(jpc_cs.obj) : warning LNK4099: PDB 'libjasperd.pdb' was not found with 'libjasperd.lib(jpc_cs.obj)' or at 'C:\Users\Arnab\documents\visual studio 2010\Projects\OpenSoft\Debug\libjasperd.pdb'; linking object as if no debug info
     1>libjasperd.lib(jpc_dec.obj) : warning LNK4099: PDB 'libjasperd.pdb' was not found with 'libjasperd.lib(jpc_dec.obj)' or at 'C:\Users\Arnab\documents\visual studio 2010\Projects\OpenSoft\Debug\libjasperd.pdb'; linking object as if no debug info
     1>libjasperd.lib(jpc_enc.obj) : warning LNK4099: PDB 'libjasperd.pdb' was not found with 'libjasperd.lib(jpc_enc.obj)' or at 'C:\Users\Arnab\documents\visual studio 2010\Projects\OpenSoft\Debug\libjasperd.pdb'; linking object as if no debug info
     1>libjasperd.lib(jpc_math.obj) : warning LNK4099: PDB 'libjasperd.pdb' was not found with 'libjasperd.lib(jpc_math.obj)' or at 'C:\Users\Arnab\documents\visual studio 2010\Projects\OpenSoft\Debug\libjasperd.pdb'; linking object as if no debug info
     1>libjasperd.lib(jpc_mct.obj) : warning LNK4099: PDB 'libjasperd.pdb' was not found with 'libjasperd.lib(jpc_mct.obj)' or at 'C:\Users\Arnab\documents\visual studio 2010\Projects\OpenSoft\Debug\libjasperd.pdb'; linking object as if no debug info
     1>libjasperd.lib(jpc_mqcod.obj) : warning LNK4099: PDB 'libjasperd.pdb' was not found with 'libjasperd.lib(jpc_mqcod.obj)' or at 'C:\Users\Arnab\documents\visual studio 2010\Projects\OpenSoft\Debug\libjasperd.pdb'; linking object as if no debug info
     1>libjasperd.lib(jpc_mqdec.obj) : warning LNK4099: PDB 'libjasperd.pdb' was not found with 'libjasperd.lib(jpc_mqdec.obj)' or at 'C:\Users\Arnab\documents\visual studio 2010\Projects\OpenSoft\Debug\libjasperd.pdb'; linking object as if no debug info
     1>libjasperd.lib(jpc_mqenc.obj) : warning LNK4099: PDB 'libjasperd.pdb' was not found with 'libjasperd.lib(jpc_mqenc.obj)' or at 'C:\Users\Arnab\documents\visual studio 2010\Projects\OpenSoft\Debug\libjasperd.pdb'; linking object as if no debug info
     1>libjasperd.lib(jpc_qmfb.obj) : warning LNK4099: PDB 'libjasperd.pdb' was not found with 'libjasperd.lib(jpc_qmfb.obj)' or at 'C:\Users\Arnab\documents\visual studio 2010\Projects\OpenSoft\Debug\libjasperd.pdb'; linking object as if no debug info
     1>libjasperd.lib(jpc_t1cod.obj) : warning LNK4099: PDB 'libjasperd.pdb' was not found with 'libjasperd.lib(jpc_t1cod.obj)' or at 'C:\Users\Arnab\documents\visual studio 2010\Projects\OpenSoft\Debug\libjasperd.pdb'; linking object as if no debug info
     1>libjasperd.lib(jpc_t1dec.obj) : warning LNK4099: PDB 'libjasperd.pdb' was not found with 'libjasperd.lib(jpc_t1dec.obj)' or at 'C:\Users\Arnab\documents\visual studio 2010\Projects\OpenSoft\Debug\libjasperd.pdb'; linking object as if no debug info
     1>libjasperd.lib(jpc_t1enc.obj) : warning LNK4099: PDB 'libjasperd.pdb' was not found with 'libjasperd.lib(jpc_t1enc.obj)' or at 'C:\Users\Arnab\documents\visual studio 2010\Projects\OpenSoft\Debug\libjasperd.pdb'; linking object as if no debug info
     1>libjasperd.lib(jpc_t2cod.obj) : warning LNK4099: PDB 'libjasperd.pdb' was not found with 'libjasperd.lib(jpc_t2cod.obj)' or at 'C:\Users\Arnab\documents\visual studio 2010\Projects\OpenSoft\Debug\libjasperd.pdb'; linking object as if no debug info
     1>libjasperd.lib(jpc_t2dec.obj) : warning LNK4099: PDB 'libjasperd.pdb' was not found with 'libjasperd.lib(jpc_t2dec.obj)' or at 'C:\Users\Arnab\documents\visual studio 2010\Projects\OpenSoft\Debug\libjasperd.pdb'; linking object as if no debug info
     1>libjasperd.lib(jpc_t2enc.obj) : warning LNK4099: PDB 'libjasperd.pdb' was not found with 'libjasperd.lib(jpc_t2enc.obj)' or at 'C:\Users\Arnab\documents\visual studio 2010\Projects\OpenSoft\Debug\libjasperd.pdb'; linking object as if no debug info
     1>libjasperd.lib(jpc_tagtree.obj) : warning LNK4099: PDB 'libjasperd.pdb' was not found with 'libjasperd.lib(jpc_tagtree.obj)' or at 'C:\Users\Arnab\documents\visual studio 2010\Projects\OpenSoft\Debug\libjasperd.pdb'; linking object as if no debug info
     1>libjasperd.lib(jpc_tsfb.obj) : warning LNK4099: PDB 'libjasperd.pdb' was not found with 'libjasperd.lib(jpc_tsfb.obj)' or at 'C:\Users\Arnab\documents\visual studio 2010\Projects\OpenSoft\Debug\libjasperd.pdb'; linking object as if no debug info
     1>libjasperd.lib(jpc_util.obj) : warning LNK4099: PDB 'libjasperd.pdb' was not found with 'libjasperd.lib(jpc_util.obj)' or at 'C:\Users\Arnab\documents\visual studio 2010\Projects\OpenSoft\Debug\libjasperd.pdb'; linking object as if no debug info
     1>libjpegd.lib(jcapimin.obj) : warning LNK4099: PDB 'libjpegd.pdb' was not found with 'libjpegd.lib(jcapimin.obj)' or at 'C:\Users\Arnab\documents\visual studio 2010\Projects\OpenSoft\Debug\libjpegd.pdb'; linking object as if no debug info
     1>libjpegd.lib(jcapistd.obj) : warning LNK4099: PDB 'libjpegd.pdb' was not found with 'libjpegd.lib(jcapistd.obj)' or at 'C:\Users\Arnab\documents\visual studio 2010\Projects\OpenSoft\Debug\libjpegd.pdb'; linking object as if no debug info
     1>libjpegd.lib(jccoefct.obj) : warning LNK4099: PDB 'libjpegd.pdb' was not found with 'libjpegd.lib(jccoefct.obj)' or at 'C:\Users\Arnab\documents\visual studio 2010\Projects\OpenSoft\Debug\libjpegd.pdb'; linking object as if no debug info
     1>libjpegd.lib(jccolor.obj) : warning LNK4099: PDB 'libjpegd.pdb' was not found with 'libjpegd.lib(jccolor.obj)' or at 'C:\Users\Arnab\documents\visual studio 2010\Projects\OpenSoft\Debug\libjpegd.pdb'; linking object as if no debug info
     1>libjpegd.lib(jcdctmgr.obj) : warning LNK4099: PDB 'libjpegd.pdb' was not found with 'libjpegd.lib(jcdctmgr.obj)' or at 'C:\Users\Arnab\documents\visual studio 2010\Projects\OpenSoft\Debug\libjpegd.pdb'; linking object as if no debug info
     1>libjpegd.lib(jchuff.obj) : warning LNK4099: PDB 'libjpegd.pdb' was not found with 'libjpegd.lib(jchuff.obj)' or at 'C:\Users\Arnab\documents\visual studio 2010\Projects\OpenSoft\Debug\libjpegd.pdb'; linking object as if no debug info
     1>libjpegd.lib(jcinit.obj) : warning LNK4099: PDB 'libjpegd.pdb' was not found with 'libjpegd.lib(jcinit.obj)' or at 'C:\Users\Arnab\documents\visual studio 2010\Projects\OpenSoft\Debug\libjpegd.pdb'; linking object as if no debug info
     1>libjpegd.lib(jcmainct.obj) : warning LNK4099: PDB 'libjpegd.pdb' was not found with 'libjpegd.lib(jcmainct.obj)' or at 'C:\Users\Arnab\documents\visual studio 2010\Projects\OpenSoft\Debug\libjpegd.pdb'; linking object as if no debug info
     1>libjpegd.lib(jcmarker.obj) : warning LNK4099: PDB 'libjpegd.pdb' was not found with 'libjpegd.lib(jcmarker.obj)' or at 'C:\Users\Arnab\documents\visual studio 2010\Projects\OpenSoft\Debug\libjpegd.pdb'; linking object as if no debug info
     1>libjpegd.lib(jcmaster.obj) : warning LNK4099: PDB 'libjpegd.pdb' was not found with 'libjpegd.lib(jcmaster.obj)' or at 'C:\Users\Arnab\documents\visual studio 2010\Projects\OpenSoft\Debug\libjpegd.pdb'; linking object as if no debug info
     1>libjpegd.lib(jcomapi.obj) : warning LNK4099: PDB 'libjpegd.pdb' was not found with 'libjpegd.lib(jcomapi.obj)' or at 'C:\Users\Arnab\documents\visual studio 2010\Projects\OpenSoft\Debug\libjpegd.pdb'; linking object as if no debug info
     1>libjpegd.lib(jcparam.obj) : warning LNK4099: PDB 'libjpegd.pdb' was not found with 'libjpegd.lib(jcparam.obj)' or at 'C:\Users\Arnab\documents\visual studio 2010\Projects\OpenSoft\Debug\libjpegd.pdb'; linking object as if no debug info
     1>libjpegd.lib(jcphuff.obj) : warning LNK4099: PDB 'libjpegd.pdb' was not found with 'libjpegd.lib(jcphuff.obj)' or at 'C:\Users\Arnab\documents\visual studio 2010\Projects\OpenSoft\Debug\libjpegd.pdb'; linking object as if no debug info
     1>libjpegd.lib(jcprepct.obj) : warning LNK4099: PDB 'libjpegd.pdb' was not found with 'libjpegd.lib(jcprepct.obj)' or at 'C:\Users\Arnab\documents\visual studio 2010\Projects\OpenSoft\Debug\libjpegd.pdb'; linking object as if no debug info
     1>libjpegd.lib(jcsample.obj) : warning LNK4099: PDB 'libjpegd.pdb' was not found with 'libjpegd.lib(jcsample.obj)' or at 'C:\Users\Arnab\documents\visual studio 2010\Projects\OpenSoft\Debug\libjpegd.pdb'; linking object as if no debug info
     1>libjpegd.lib(jdapimin.obj) : warning LNK4099: PDB 'libjpegd.pdb' was not found with 'libjpegd.lib(jdapimin.obj)' or at 'C:\Users\Arnab\documents\visual studio 2010\Projects\OpenSoft\Debug\libjpegd.pdb'; linking object as if no debug info
     1>libjpegd.lib(jdapistd.obj) : warning LNK4099: PDB 'libjpegd.pdb' was not found with 'libjpegd.lib(jdapistd.obj)' or at 'C:\Users\Arnab\documents\visual studio 2010\Projects\OpenSoft\Debug\libjpegd.pdb'; linking object as if no debug info
     1>libjpegd.lib(jdatadst.obj) : warning LNK4099: PDB 'libjpegd.pdb' was not found with 'libjpegd.lib(jdatadst.obj)' or at 'C:\Users\Arnab\documents\visual studio 2010\Projects\OpenSoft\Debug\libjpegd.pdb'; linking object as if no debug info
     1>libjpegd.lib(jdatasrc.obj) : warning LNK4099: PDB 'libjpegd.pdb' was not found with 'libjpegd.lib(jdatasrc.obj)' or at 'C:\Users\Arnab\documents\visual studio 2010\Projects\OpenSoft\Debug\libjpegd.pdb'; linking object as if no debug info
     1>libjpegd.lib(jdcoefct.obj) : warning LNK4099: PDB 'libjpegd.pdb' was not found with 'libjpegd.lib(jdcoefct.obj)' or at 'C:\Users\Arnab\documents\visual studio 2010\Projects\OpenSoft\Debug\libjpegd.pdb'; linking object as if no debug info
     1>libjpegd.lib(jdcolor.obj) : warning LNK4099: PDB 'libjpegd.pdb' was not found with 'libjpegd.lib(jdcolor.obj)' or at 'C:\Users\Arnab\documents\visual studio 2010\Projects\OpenSoft\Debug\libjpegd.pdb'; linking object as if no debug info
     1>libjpegd.lib(jddctmgr.obj) : warning LNK4099: PDB 'libjpegd.pdb' was not found with 'libjpegd.lib(jddctmgr.obj)' or at 'C:\Users\Arnab\documents\visual studio 2010\Projects\OpenSoft\Debug\libjpegd.pdb'; linking object as if no debug info
     1>libjpegd.lib(jdhuff.obj) : warning LNK4099: PDB 'libjpegd.pdb' was not found with 'libjpegd.lib(jdhuff.obj)' or at 'C:\Users\Arnab\documents\visual studio 2010\Projects\OpenSoft\Debug\libjpegd.pdb'; linking object as if no debug info
     1>libjpegd.lib(jdinput.obj) : warning LNK4099: PDB 'libjpegd.pdb' was not found with 'libjpegd.lib(jdinput.obj)' or at 'C:\Users\Arnab\documents\visual studio 2010\Projects\OpenSoft\Debug\libjpegd.pdb'; linking object as if no debug info
     1>libjpegd.lib(jdmainct.obj) : warning LNK4099: PDB 'libjpegd.pdb' was not found with 'libjpegd.lib(jdmainct.obj)' or at 'C:\Users\Arnab\documents\visual studio 2010\Projects\OpenSoft\Debug\libjpegd.pdb'; linking object as if no debug info
     1>libjpegd.lib(jdmarker.obj) : warning LNK4099: PDB 'libjpegd.pdb' was not found with 'libjpegd.lib(jdmarker.obj)' or at 'C:\Users\Arnab\documents\visual studio 2010\Projects\OpenSoft\Debug\libjpegd.pdb'; linking object as if no debug info
     1>libjpegd.lib(jdmaster.obj) : warning LNK4099: PDB 'libjpegd.pdb' was not found with 'libjpegd.lib(jdmaster.obj)' or at 'C:\Users\Arnab\documents\visual studio 2010\Projects\OpenSoft\Debug\libjpegd.pdb'; linking object as if no debug info
     1>libjpegd.lib(jdmerge.obj) : warning LNK4099: PDB 'libjpegd.pdb' was not found with 'libjpegd.lib(jdmerge.obj)' or at 'C:\Users\Arnab\documents\visual studio 2010\Projects\OpenSoft\Debug\libjpegd.pdb'; linking object as if no debug info
     1>libjpegd.lib(jdphuff.obj) : warning LNK4099: PDB 'libjpegd.pdb' was not found with 'libjpegd.lib(jdphuff.obj)' or at 'C:\Users\Arnab\documents\visual studio 2010\Projects\OpenSoft\Debug\libjpegd.pdb'; linking object as if no debug info
     1>libjpegd.lib(jdpostct.obj) : warning LNK4099: PDB 'libjpegd.pdb' was not found with 'libjpegd.lib(jdpostct.obj)' or at 'C:\Users\Arnab\documents\visual studio 2010\Projects\OpenSoft\Debug\libjpegd.pdb'; linking object as if no debug info
     1>libjpegd.lib(jdsample.obj) : warning LNK4099: PDB 'libjpegd.pdb' was not found with 'libjpegd.lib(jdsample.obj)' or at 'C:\Users\Arnab\documents\visual studio 2010\Projects\OpenSoft\Debug\libjpegd.pdb'; linking object as if no debug info
     1>libjpegd.lib(jerror.obj) : warning LNK4099: PDB 'libjpegd.pdb' was not found with 'libjpegd.lib(jerror.obj)' or at 'C:\Users\Arnab\documents\visual studio 2010\Projects\OpenSoft\Debug\libjpegd.pdb'; linking object as if no debug info
     1>libjpegd.lib(jfdctflt.obj) : warning LNK4099: PDB 'libjpegd.pdb' was not found with 'libjpegd.lib(jfdctflt.obj)' or at 'C:\Users\Arnab\documents\visual studio 2010\Projects\OpenSoft\Debug\libjpegd.pdb'; linking object as if no debug info
     1>libjpegd.lib(jfdctfst.obj) : warning LNK4099: PDB 'libjpegd.pdb' was not found with 'libjpegd.lib(jfdctfst.obj)' or at 'C:\Users\Arnab\documents\visual studio 2010\Projects\OpenSoft\Debug\libjpegd.pdb'; linking object as if no debug info
     1>libjpegd.lib(jfdctint.obj) : warning LNK4099: PDB 'libjpegd.pdb' was not found with 'libjpegd.lib(jfdctint.obj)' or at 'C:\Users\Arnab\documents\visual studio 2010\Projects\OpenSoft\Debug\libjpegd.pdb'; linking object as if no debug info
     1>libjpegd.lib(jidctflt.obj) : warning LNK4099: PDB 'libjpegd.pdb' was not found with 'libjpegd.lib(jidctflt.obj)' or at 'C:\Users\Arnab\documents\visual studio 2010\Projects\OpenSoft\Debug\libjpegd.pdb'; linking object as if no debug info
     1>libjpegd.lib(jidctfst.obj) : warning LNK4099: PDB 'libjpegd.pdb' was not found with 'libjpegd.lib(jidctfst.obj)' or at 'C:\Users\Arnab\documents\visual studio 2010\Projects\OpenSoft\Debug\libjpegd.pdb'; linking object as if no debug info
     1>libjpegd.lib(jidctint.obj) : warning LNK4099: PDB 'libjpegd.pdb' was not found with 'libjpegd.lib(jidctint.obj)' or at 'C:\Users\Arnab\documents\visual studio 2010\Projects\OpenSoft\Debug\libjpegd.pdb'; linking object as if no debug info
     1>libjpegd.lib(jidctred.obj) : warning LNK4099: PDB 'libjpegd.pdb' was not found with 'libjpegd.lib(jidctred.obj)' or at 'C:\Users\Arnab\documents\visual studio 2010\Projects\OpenSoft\Debug\libjpegd.pdb'; linking object as if no debug info
     1>libjpegd.lib(jmemansi.obj) : warning LNK4099: PDB 'libjpegd.pdb' was not found with 'libjpegd.lib(jmemansi.obj)' or at 'C:\Users\Arnab\documents\visual studio 2010\Projects\OpenSoft\Debug\libjpegd.pdb'; linking object as if no debug info
     1>libjpegd.lib(jmemmgr.obj) : warning LNK4099: PDB 'libjpegd.pdb' was not found with 'libjpegd.lib(jmemmgr.obj)' or at 'C:\Users\Arnab\documents\visual studio 2010\Projects\OpenSoft\Debug\libjpegd.pdb'; linking object as if no debug info
     1>libjpegd.lib(jquant1.obj) : warning LNK4099: PDB 'libjpegd.pdb' was not found with 'libjpegd.lib(jquant1.obj)' or at 'C:\Users\Arnab\documents\visual studio 2010\Projects\OpenSoft\Debug\libjpegd.pdb'; linking object as if no debug info
     1>libjpegd.lib(jquant2.obj) : warning LNK4099: PDB 'libjpegd.pdb' was not found with 'libjpegd.lib(jquant2.obj)' or at 'C:\Users\Arnab\documents\visual studio 2010\Projects\OpenSoft\Debug\libjpegd.pdb'; linking object as if no debug info
     1>libjpegd.lib(jutils.obj) : warning LNK4099: PDB 'libjpegd.pdb' was not found with 'libjpegd.lib(jutils.obj)' or at 'C:\Users\Arnab\documents\visual studio 2010\Projects\OpenSoft\Debug\libjpegd.pdb'; linking object as if no debug info
         OpenSoft.vcxproj -> C:\Users\Arnab\documents\visual studio 2010\Projects\OpenSoft\Debug\OpenSoft.exe
       Manifest:
         C:\Program Files (x86)\Microsoft SDKs\Windows\v7.0A\bin\mt.exe /nologo /verbose /outputresource:"C:\Users\Arnab\documents\visual studio 2010\Projects\OpenSoft\Debug\OpenSoft.exe;#1" /manifest Debug\OpenSoft.exe.intermediate.manifest
       FinalizeBuildStatus:
         Deleting file "Debug\OpenSoft.unsuccessfulbuild".
         Touching "Debug\OpenSoft.lastbuildstate".
     1>Done Building Project "C:\Users\Arnab\documents\visual studio 2010\Projects\OpenSoft\OpenSoft\OpenSoft.vcxproj" (rebuild target(s)).

Build succeeded.

Time Elapsed 00:00:05.20
